<?xml version="1.0" encoding="UTF-8"?>
<!-- Generated by org.testng.reporters.JUnitReportReporter -->
<testsuite skipped="0" hostname="DESKTOP-QRJ542B" name="signup.FirstTestWithTestNGFrameWork" tests="1" failures="0" timestamp="2020-09-12T23:52:48 EET" time="8.342" errors="0">
  <testcase name="signUp" time="8.342" classname="signup.FirstTestWithTestNGFrameWork"/>
  <system-out/>
</testsuite> <!-- signup.FirstTestWithTestNGFrameWork -->
